<?xml version="1.0" encoding="UTF-8"?>
<testng-results skipped="0" failed="0" ignored="0" total="1" passed="1">
  <reporter-output>
  </reporter-output>
  <suite name="Default suite" duration-ms="22541" started-at="2018-04-17T07:01:13Z" finished-at="2018-04-17T07:01:36Z">
    <groups>
    </groups>
    <test name="Default test" duration-ms="22541" started-at="2018-04-17T07:01:13Z" finished-at="2018-04-17T07:01:36Z">
      <class name="com.tests.NewTest2">
        <test-method status="PASS" signature="launchfirefox()[pri:0, instance:com.tests.NewTest2@1774679]" name="launchfirefox" duration-ms="22501" started-at="2018-04-17T12:31:13Z" finished-at="2018-04-17T12:31:36Z">
          <reporter-output>
          </reporter-output>
        </test-method> <!-- launchfirefox -->
      </class> <!-- com.tests.NewTest2 -->
    </test> <!-- Default test -->
  </suite> <!-- Default suite -->
</testng-results>
